============================================================
   Tang Dynasty, V4.3.815
   Copyright:   Shanghai Anlogic Infotech Co., Ltd.
                2011 - 2021
   Executable = C:/Anlogic/TD4.3.815/bin/td.exe
   Built at =   18:48:55 Dec 28 2018
   Run by =     SalieriNUC
   Run Date =   Sun May 26 11:54:01 2019

   Run on =     NUC8I7HVK
============================================================
RUN-1002 : start command "import_device eagle_s20.db -package QFN88"
RUN-1002 : start command "open_project LED.al"
HDL-1007 : analyze verilog file ../src/led.v
ARC-1001 : Device Initialization.
ARC-1001 : ---------------------------------------------------------------
ARC-1001 :            OPTION            |        IO         |   SETTING   
ARC-1001 : ---------------------------------------------------------------
ARC-1001 :   cso_b/cclk/mosi/miso/dout  |  P69/P82/P81/P80  |    gpio    
ARC-1001 :             done             |        P8         |    gpio    
ARC-1001 :           program_b          |        P67        |  dedicated  
ARC-1001 :        tdi/tms/tck/tdo       |  P25/P22/P26/P21  |  dedicated  
ARC-1001 : ---------------------------------------------------------------
ARC-1004 : Device setting, marked 5 dedicate IOs in total.
RUN-1003 : finish command "import_device eagle_s20.db -package QFN88" in  2.991487s wall, 2.984375s user + 0.140625s system = 3.125000s CPU (104.5%)

RUN-1004 : used memory is 155 MB, reserved memory is 133 MB, peak memory is 155 MB
RUN-1002 : start command "import_db LED_pr.db"
RUN-1001 : Importing design generated by Tang Dynasty, V4.3.815.
RUN-1001 : Database version number 46106.
RUN-1001 : Import IO constraints
RUN-1001 : Import Inst constraints
RUN-1001 : Import flow parameters
